[backblue.gif]
[fade.gif]
[index.html]
[www.nytimes.com/games/wordle/index-2.html]
[www.nytimes.com/games/wordle/index.html]
[www.nytimes.com/games-assets/v2/metadata/nyt-apple-touch-icon70f0.png]
[www.nytimes.com/games/wordle/images/NYT-Wordle-Meta.png]
[www.nytimes.com/games/wordle/manifest.json]
[www.nytimes.com/games/wordle/images/NYT-Wordle-Icon-32.png]
[www.nytimes.com/games/wordle/images/NYT-Wordle-Icon-192.png]
[www.nytimes.com/games/wordle/fonts/karnakcondensed-normal-700.woff2]
[www.nytimes.com/games/wordle/fonts/karnakcondensed-normal-700.woff]
[www.nytimes.com/games/wordle/fonts/franklin-normal-500.woff2]
[www.nytimes.com/games/wordle/fonts/franklin-normal-500.woff]
[www.nytimes.com/games/wordle/fonts/franklin-normal-700.woff2]
[www.nytimes.com/games/wordle/fonts/franklin-normal-700.woff]
[www.nytimes.com/games/wordle/images/nav-icons/SpellingBee-Icon-Normalized.svg]
[www.nytimes.com/games/wordle/images/nav-icons/Crossword-Icon-Normalized.svg]
[www.nytimes.com/games/wordle/images/nav-icons/Mini-Icon-Normalized.svg]
[www.nytimes.com/games/wordle/images/nav-icons/Tiles-Icon-Normalized.svg]
[www.nytimes.com/games/wordle/images/nav-icons/Sudoku-Icon-Normalized.svg]
[www.nytimes.com/games/wordle/images/nav-icons/Vertex-Icon-Normalized.svg]
[www.nytimes.com/games/wordle/images/nav-icons/LetterBoxed-Icon-Normalized.svg]
[www.nytimes.com/games/wordle/images/nav-icons/NYT-Icon-Normalized.svg]
[www.nytimes.com/games/wordle/images/nav-icons/Wirecutter-Icon-Normalized.svg]
[www.nytimes.com/games/wordle/images/nav-icons/Cooking-Icon-Normalized.svg]
[www.nytimes.com/games/wordle/images/nav-icons/Athletic-Icon-Normalized.svg]
[www.nytimes.com/games/wordle/images/nav-icons/SpellingBee-Icon-Normalized-Color.svg]
[www.nytimes.com/games/wordle/images/nav-icons/Crossword-Icon-Normalized-Color.svg]
[www.nytimes.com/games/wordle/images/nav-icons/Mini-Icon-Normalized-Color.svg]
[www.nytimes.com/games/wordle/images/nav-icons/Tiles-Icon-Normalized-Color.svg]
[www.nytimes.com/games/wordle/images/nav-icons/Sudoku-Icon-Normalized-Color.svg]
[www.nytimes.com/games/wordle/images/nav-icons/Vertex-Icon-Normalized-Color.svg]
[www.nytimes.com/games/wordle/images/nav-icons/LetterBoxed-Icon-Normalized-Color.svg]
[www.nytimes.com/games/wordle/images/nav-icons/NYT-Icon-Normalized-Color.svg]
[www.nytimes.com/games/wordle/images/nav-icons/Athletic-Icon-Normalized-Color.svg]
[www.nytimes.com/games/wordle/main.bfba912f.js]
[www.nytimes.com/games-assets/gdpr/cookie-notice-v2.1.2.min.js]
[www.nytimes.com/games/wordle/index-2.html]
[www.nytimes.com/games/wordle/images/nav-icons/SpellingBee-Icon-Normalized.svg]
[www.nytimes.com/games/wordle/images/nav-icons/Crossword-Icon-Normalized.svg]
[www.nytimes.com/games/wordle/images/nav-icons/Mini-Icon-Normalized.svg]
[www.nytimes.com/games/wordle/images/nav-icons/Tiles-Icon-Normalized.svg]
[www.nytimes.com/games/wordle/images/nav-icons/Sudoku-Icon-Normalized.svg]
[www.nytimes.com/games/wordle/images/nav-icons/Vertex-Icon-Normalized.svg]
[www.nytimes.com/games/wordle/images/nav-icons/LetterBoxed-Icon-Normalized.svg]
[www.nytimes.com/games/wordle/images/nav-icons/NYT-Icon-Normalized.svg]
[www.nytimes.com/games/wordle/images/nav-icons/Wirecutter-Icon-Normalized.svg]
[www.nytimes.com/games/wordle/images/nav-icons/Cooking-Icon-Normalized.svg]
[www.nytimes.com/games/wordle/images/nav-icons/Athletic-Icon-Normalized.svg]
[www.nytimes.com/games/wordle/images/nav-icons/SpellingBee-Icon-Normalized-Color.svg]
[www.nytimes.com/games/wordle/images/nav-icons/Crossword-Icon-Normalized-Color.svg]
[www.nytimes.com/games/wordle/images/nav-icons/Mini-Icon-Normalized-Color.svg]
[www.nytimes.com/games/wordle/images/nav-icons/Tiles-Icon-Normalized-Color.svg]
[www.nytimes.com/games/wordle/images/nav-icons/Sudoku-Icon-Normalized-Color.svg]
[www.nytimes.com/games/wordle/images/nav-icons/Vertex-Icon-Normalized-Color.svg]
[www.nytimes.com/games/wordle/images/nav-icons/LetterBoxed-Icon-Normalized-Color.svg]
[www.nytimes.com/games/wordle/images/nav-icons/NYT-Icon-Normalized-Color.svg]
[www.nytimes.com/games/wordle/images/nav-icons/Athletic-Icon-Normalized-Color.svg]
